<?xml version="1.0" encoding="UTF-8" ?>
<testsuite failures="0" time="0.376" errors="0" skipped="0" tests="5" name="org.uqbar.commons.utils.PropertyDependenciesTest">
  <properties>
    <property name="java.runtime.name" value="Java(TM) SE Runtime Environment"/>
    <property name="sun.boot.library.path" value="/usr/local/java/jdk1.7.0_67/jre/lib/amd64"/>
    <property name="java.vm.version" value="24.65-b04"/>
    <property name="java.vm.vendor" value="Oracle Corporation"/>
    <property name="java.vendor.url" value="http://java.oracle.com/"/>
    <property name="path.separator" value=":"/>
    <property name="java.vm.name" value="Java HotSpot(TM) 64-Bit Server VM"/>
    <property name="file.encoding.pkg" value="sun.io"/>
    <property name="user.country" value="US"/>
    <property name="sun.java.launcher" value="SUN_STANDARD"/>
    <property name="sun.os.patch.level" value="unknown"/>
    <property name="java.vm.specification.name" value="Java Virtual Machine Specification"/>
    <property name="user.dir" value="/home/fernando/workspaces/arena-dev/uqbar-domain"/>
    <property name="java.runtime.version" value="1.7.0_67-b01"/>
    <property name="java.awt.graphicsenv" value="sun.awt.X11GraphicsEnvironment"/>
    <property name="basedir" value="/home/fernando/workspaces/arena-dev/uqbar-domain"/>
    <property name="java.endorsed.dirs" value="/usr/local/java/jdk1.7.0_67/jre/lib/endorsed"/>
    <property name="os.arch" value="amd64"/>
    <property name="surefire.real.class.path" value="/tmp/surefirebooter1600630836480024417.jar"/>
    <property name="java.io.tmpdir" value="/tmp"/>
    <property name="line.separator" value="
"/>
    <property name="java.vm.specification.vendor" value="Oracle Corporation"/>
    <property name="os.name" value="Linux"/>
    <property name="sun.jnu.encoding" value="UTF-8"/>
    <property name="java.library.path" value="/usr/java/packages/lib/amd64:/usr/lib64:/lib64:/lib:/usr/lib"/>
    <property name="surefire.test.class.path" value="/home/fernando/workspaces/arena-dev/uqbar-domain/target/testClasses:/home/fernando/workspaces/arena-dev/uqbar-domain/target/classes:/home/fernando/.m2/repository/log4j/log4j/1.2.16/log4j-1.2.16.jar:/home/fernando/.m2/repository/commons-collections/commons-collections/3.2.1/commons-collections-3.2.1.jar:/home/fernando/.m2/repository/net/sourceforge/collections/collections-generic/4.01/collections-generic-4.01.jar:/home/fernando/.m2/repository/commons-beanutils/commons-beanutils/1.8.3/commons-beanutils-1.8.3.jar:/home/fernando/.m2/repository/commons-logging/commons-logging/1.1.1/commons-logging-1.1.1.jar:/home/fernando/.m2/repository/net/sf/oval/oval/1.81/oval-1.81.jar:/home/fernando/.m2/repository/commons-lang/commons-lang/2.2/commons-lang-2.2.jar:/home/fernando/.m2/repository/junit/junit/4.11/junit-4.11.jar:/home/fernando/.m2/repository/org/hamcrest/hamcrest-core/1.3/hamcrest-core-1.3.jar:/home/fernando/.m2/repository/org/mockito/mockito-all/1.9.5/mockito-all-1.9.5.jar:/home/fernando/.m2/repository/org/scala-lang/scala-library/2.11.2/scala-library-2.11.2.jar:/home/fernando/.m2/repository/org/scala-lang/scala-actors/2.11.2/scala-actors-2.11.2.jar:/home/fernando/.m2/repository/org/scala-lang/modules/scala-xml_2.11/1.0.1/scala-xml_2.11-1.0.1.jar:/home/fernando/.m2/repository/org/scalatest/scalatest_2.11/2.1.7/scalatest_2.11-2.1.7.jar:/home/fernando/.m2/repository/org/scala-lang/scala-reflect/2.11.0/scala-reflect-2.11.0.jar:/home/fernando/.m2/repository/org/scala-lang/modules/scala-parser-combinators_2.11/1.0.1/scala-parser-combinators_2.11-1.0.1.jar:"/>
    <property name="java.specification.name" value="Java Platform API Specification"/>
    <property name="java.class.version" value="51.0"/>
    <property name="sun.management.compiler" value="HotSpot 64-Bit Tiered Compilers"/>
    <property name="os.version" value="3.13.0-24-generic"/>
    <property name="user.home" value="/home/fernando"/>
    <property name="user.timezone" value=""/>
    <property name="java.awt.printerjob" value="sun.print.PSPrinterJob"/>
    <property name="file.encoding" value="UTF-8"/>
    <property name="java.specification.version" value="1.7"/>
    <property name="user.name" value="fernando"/>
    <property name="java.class.path" value="/home/fernando/workspaces/arena-dev/uqbar-domain/target/testClasses:/home/fernando/workspaces/arena-dev/uqbar-domain/target/classes:/home/fernando/.m2/repository/log4j/log4j/1.2.16/log4j-1.2.16.jar:/home/fernando/.m2/repository/commons-collections/commons-collections/3.2.1/commons-collections-3.2.1.jar:/home/fernando/.m2/repository/net/sourceforge/collections/collections-generic/4.01/collections-generic-4.01.jar:/home/fernando/.m2/repository/commons-beanutils/commons-beanutils/1.8.3/commons-beanutils-1.8.3.jar:/home/fernando/.m2/repository/commons-logging/commons-logging/1.1.1/commons-logging-1.1.1.jar:/home/fernando/.m2/repository/net/sf/oval/oval/1.81/oval-1.81.jar:/home/fernando/.m2/repository/commons-lang/commons-lang/2.2/commons-lang-2.2.jar:/home/fernando/.m2/repository/junit/junit/4.11/junit-4.11.jar:/home/fernando/.m2/repository/org/hamcrest/hamcrest-core/1.3/hamcrest-core-1.3.jar:/home/fernando/.m2/repository/org/mockito/mockito-all/1.9.5/mockito-all-1.9.5.jar:/home/fernando/.m2/repository/org/scala-lang/scala-library/2.11.2/scala-library-2.11.2.jar:/home/fernando/.m2/repository/org/scala-lang/scala-actors/2.11.2/scala-actors-2.11.2.jar:/home/fernando/.m2/repository/org/scala-lang/modules/scala-xml_2.11/1.0.1/scala-xml_2.11-1.0.1.jar:/home/fernando/.m2/repository/org/scalatest/scalatest_2.11/2.1.7/scalatest_2.11-2.1.7.jar:/home/fernando/.m2/repository/org/scala-lang/scala-reflect/2.11.0/scala-reflect-2.11.0.jar:/home/fernando/.m2/repository/org/scala-lang/modules/scala-parser-combinators_2.11/1.0.1/scala-parser-combinators_2.11-1.0.1.jar:"/>
    <property name="java.vm.specification.version" value="1.7"/>
    <property name="sun.arch.data.model" value="64"/>
    <property name="java.home" value="/usr/local/java/jdk1.7.0_67/jre"/>
    <property name="sun.java.command" value="/tmp/surefirebooter1600630836480024417.jar /tmp/surefire1174193947979979461tmp /tmp/surefire3886443960927197807tmp"/>
    <property name="java.specification.vendor" value="Oracle Corporation"/>
    <property name="user.language" value="en"/>
    <property name="awt.toolkit" value="sun.awt.X11.XToolkit"/>
    <property name="java.vm.info" value="mixed mode"/>
    <property name="java.version" value="1.7.0_67"/>
    <property name="java.ext.dirs" value="/usr/local/java/jdk1.7.0_67/jre/lib/ext:/usr/java/packages/lib/ext"/>
    <property name="sun.boot.class.path" value="/usr/local/java/jdk1.7.0_67/jre/lib/resources.jar:/usr/local/java/jdk1.7.0_67/jre/lib/rt.jar:/usr/local/java/jdk1.7.0_67/jre/lib/sunrsasign.jar:/usr/local/java/jdk1.7.0_67/jre/lib/jsse.jar:/usr/local/java/jdk1.7.0_67/jre/lib/jce.jar:/usr/local/java/jdk1.7.0_67/jre/lib/charsets.jar:/usr/local/java/jdk1.7.0_67/jre/lib/jfr.jar:/usr/local/java/jdk1.7.0_67/jre/classes"/>
    <property name="java.vendor" value="Oracle Corporation"/>
    <property name="localRepository" value="/home/fernando/.m2/repository"/>
    <property name="file.separator" value="/"/>
    <property name="java.vendor.url.bug" value="http://bugreport.sun.com/bugreport/"/>
    <property name="sun.cpu.endian" value="little"/>
    <property name="sun.io.unicode.encoding" value="UnicodeLittle"/>
    <property name="sun.desktop" value="gnome"/>
    <property name="sun.cpu.isalist" value=""/>
  </properties>
  <testcase time="0.005" classname="org.uqbar.commons.utils.PropertyDependenciesTest" name="cuandoSeCreaUnaDependenciaSeAgreganObservadoresParaLasDependencias"/>
  <testcase time="0.07" classname="org.uqbar.commons.utils.PropertyDependenciesTest" name="fallaSiLaPropiedadNoExiste"/>
  <testcase time="0.204" classname="org.uqbar.commons.utils.PropertyDependenciesTest" name="cuandoSeCreaUnaDependenciaYSeLaNotificaActualizaLaPropiedadCalculada"/>
  <testcase time="0.001" classname="org.uqbar.commons.utils.PropertyDependenciesTest" name="notificaSiLaProiedadExisteConElValorActual"/>
  <testcase time="0.002" classname="org.uqbar.commons.utils.PropertyDependenciesTest" name="noHaceNadaSiElObjetoNoEsObservable"/>
</testsuite>